<?xml version="1.0" encoding="UTF-8"?>
<testsuite xmlns:xsi="http://www.w3.org/2001/XMLSchema-instance" xsi:noNamespaceSchemaLocation="https://maven.apache.org/surefire/maven-surefire-plugin/xsd/surefire-test-report-3.0.xsd" version="3.0" name="com.example.javacds.CdsHelperTest" time="0.006" tests="3" errors="0" skipped="0" failures="0">
  <properties>
[...]
</properties>
  <testcase name="testLogCdsStatusDoesNotThrow" classname="com.example.javacds.CdsHelperTest" time="0.003">
    <system-out><![CDATA[2026-08-21T02:15:29.753Z  INFO 5408 --- [java-cds] [           main] com.example.javacds.CdsHelper            : [CDS] CDS is DISABLED - running without shared archive
]]></system-out>
  </testcase>
  <testcase name="testElapsedMsIsNonNegative" classname="com.example.javacds.CdsHelperTest" time="0.001"/>
  <testcase name="testLogMemoryUsageDoesNotThrow" classname="com.example.javacds.CdsHelperTest" time="0.0">
    <system-out><![CDATA[2026-08-21T02:15:29.756Z  INFO 5408 --- [java-cds] [           main] com.example.javacds.CdsHelper            : [Memory] used=33MB total=54MB max=3998MB
]]></system-out>
  </testcase>
</testsuite>