<?xml version="1.0" encoding="UTF-8"?>
<testsuite xmlns:xsi="http://www.w3.org/2001/XMLSchema-instance" xsi:noNamespaceSchemaLocation="https://maven.apache.org/surefire/maven-surefire-plugin/xsd/surefire-test-report.xsd" version="3.0.2" name="com.example.javacds.CdsHelperTest" time="0.009" tests="3" errors="0" skipped="0" failures="0">
  <properties>
[...]
</properties>
  <testcase name="testLogCdsStatusDoesNotThrow" classname="com.example.javacds.CdsHelperTest" time="0.002">
    <system-out><![CDATA[2026-09-07T11:52:59.552Z [main] INFO  com.example.javacds.CdsHelper - [CDS] CDS is DISABLED - running without shared archive
]]></system-out>
  </testcase>
  <testcase name="testElapsedMsIsNonNegative" classname="com.example.javacds.CdsHelperTest" time="0.002"/>
  <testcase name="testLogMemoryUsageDoesNotThrow" classname="com.example.javacds.CdsHelperTest" time="0.002">
    <system-out><![CDATA[2026-09-07T11:52:59.558Z [main] INFO  com.example.javacds.CdsHelper - [Memory] used=28MB total=60MB max=3998MB
]]></system-out>
  </testcase>
</testsuite>